<?xml version="1.0" encoding="UTF-8" ?>
<testsuite tests="4" failures="0" name="TestRunner" time="4.676" errors="0" skipped="0">
  <properties>
[...]
</properties>
  <testcase classname="Test Localhost API" name="User is able to validate Localhost API Response" time="2.654"/>
  <testcase classname="Test Localhost API" name="User is able to post data to Localhost API" time="0.602"/>
  <testcase classname="Test Localhost API" name="User is able to delete user from Localhost API" time="0.046"/>
  <testcase classname="Test Localhost API" name="User is able to update user to Localhost API" time="1.374"/>
</testsuite>